    ======  ======
    Time:12/10/2016 11:01:01 AM
    Title: Initiate log
    Message: 
    Time:12/10/2016 11:01:01 AM
    Title: Initiate InternalManager
    Message: Trying to Validate License
    Time:12/10/2016 11:01:01 AM
    Title: Requesting EVT
    Message: EVTP
    Time:12/10/2016 11:01:01 AM
    Title: Requesting Validation
    Message: ILMValidate
    Time:12/10/2016 11:01:01 AM
    Title: LICENSER
    Message: TRL MODE
    Time:12/10/2016 11:01:01 AM
    Title: LICENSER
    Message: DS LEFT8
    Time:12/10/2016 11:01:01 AM
    Title: LICENSER
    Message: DT MARK PASSED8.00:00:00
    Time:12/10/2016 11:01:04 AM
    Title: Access to the path 'C:\ProgramData\Telerik\Hash.lic' is denied.
    Message:    at System.IO.__Error.WinIOError(Int32 errorCode, String maybeFullPath)
   at System.IO.FileStream.Init(String path, FileMode mode, FileAccess access, Int32 rights, Boolean useRights, FileShare share, Int32 bufferSize, FileOptions options, SECURITY_ATTRIBUTES secAttrs, String msgPath, Boolean bFromProxy, Boolean useLongPath, Boolean checkHost)
   at System.IO.FileStream..ctor(String path, FileMode mode, FileAccess access, FileShare share)
   at Telerik.Licensing.Licenser.ReadHashPass()
    Time:12/10/2016 11:01:12 AM
    Title: Requesting Validation
    Message: ILMValidate True
    Time:12/10/2016 11:01:12 AM
    Title: Requesting Validation
    Message: ILMValidate True Trial
    Time:12/10/2016 11:01:12 AM
    Title: Requested registry access is not allowed.
    Message:    at System.ThrowHelper.ThrowSecurityException(ExceptionResource resource)
   at Microsoft.Win32.RegistryKey.OpenSubKey(String name, Boolean writable)
   at Telerik.Licensing.Licenser.CheckRegistryTimeStamp()
   at Telerik.Licensing.Licenser.TryCheckLicenseExists()
    Time:12/10/2016 11:01:12 AM
    Title: LICENSER
    Message: READ REGS START
    Time:12/10/2016 11:01:12 AM
    Title: LIC EXP_KEY
    Message: NULL
    Time:12/10/2016 11:01:12 AM
    Title: LICENSER
    Message: READ REGS SUCCESS
    Entering constructor for: Telerik.CommonPackage.Telerik_CommonPackagePackage
    Entering Initialize() of: Telerik.CommonPackage.Telerik_CommonPackagePackage
    devenv.exe Information: 0 : 12/10/2016 4:03:05 AM:  - TokenCache: Deserialized 2 items to token cache.
    devenv.exe Information: 0 : 12/10/2016 4:03:05 AM:  - TokenCache: Deserialized 2 items to token cache.
    devenv.exe Information: 0 : 12/10/2016 4:03:17 AM:  - AuthenticationContext: ADAL .NET with assembly version '2.16.0.0', file version '2.16.20422.1202' and informational version '7329346b1c69910ce7abd66c3f8a918c307827a1' is running...
    devenv.exe Information: 0 : 12/10/2016 4:03:17 AM: d214a97b-90d4-46c5-ad78-197f38aefeb7 - AcquireTokenHandlerBase: === Token Acquisition started:
	Authority: https://login.microsoftonline.com/f8cdef31-a31e-4b4a-93e4-5f571e91255a/
	Resource: 499b84ac-1321-427f-aa17-267ca6975798
	ClientId: 872cd9fa-d31f-45e0-9eab-6e460a02d1f1
	CacheType: Microsoft.VisualStudio.Services.Client.AccountManagement.AccountManagerAdalCache (2 items)
	Authentication Target: User
	
    devenv.exe Information: 0 : 12/10/2016 4:03:17 AM: d214a97b-90d4-46c5-ad78-197f38aefeb7 - TokenCache: Looking up cache for a token...
    devenv.exe Information: 0 : 12/10/2016 4:03:17 AM: d214a97b-90d4-46c5-ad78-197f38aefeb7 - TokenCache: An item matching the requested resource was found in the cache
    devenv.exe Information: 0 : 12/10/2016 4:03:17 AM: d214a97b-90d4-46c5-ad78-197f38aefeb7 - TokenCache: An expired or near expiry token was found in the cache
    devenv.exe Information: 0 : 12/10/2016 4:03:17 AM: d214a97b-90d4-46c5-ad78-197f38aefeb7 - TokenCache: A matching item (access token or refresh token or both) was found in the cache
    devenv.exe Information: 0 : 12/10/2016 4:03:17 AM: d214a97b-90d4-46c5-ad78-197f38aefeb7 - <RefreshAccessTokenAsync>d__11: Refreshing access token...
    devenv.exe Information: 0 : 12/10/2016 4:03:18 AM: d214a97b-90d4-46c5-ad78-197f38aefeb7 - AcquireTokenSilentHandler: No token matching arguments found in the cache
    devenv.exe Error: 0 : 12/10/2016 4:03:18 AM: d214a97b-90d4-46c5-ad78-197f38aefeb7 - <RunAsync>d__0: Microsoft.IdentityModel.Clients.ActiveDirectory.AdalSilentTokenAcquisitionException: Failed to acquire token silently. Call method AcquireToken
   at Microsoft.IdentityModel.Clients.ActiveDirectory.AcquireTokenSilentHandler.SendTokenRequestAsync()
   at Microsoft.IdentityModel.Clients.ActiveDirectory.AcquireTokenHandlerBase.<RunAsync>d__0.MoveNext()
	ErrorCode: failed_to_acquire_token_silently
    devenv.exe Information: 0 : 12/10/2016 4:03:19 AM: e17942a3-5186-47a9-95c8-74c5cee2e191 - AcquireTokenHandlerBase: === Token Acquisition started:
	Authority: https://login.microsoftonline.com/f8cdef31-a31e-4b4a-93e4-5f571e91255a/
	Resource: 499b84ac-1321-427f-aa17-267ca6975798
	ClientId: 872cd9fa-d31f-45e0-9eab-6e460a02d1f1
	CacheType: Microsoft.VisualStudio.Services.Client.AccountManagement.AccountManagerAdalCache (2 items)
	Authentication Target: User
	
    devenv.exe Information: 0 : 12/10/2016 4:03:19 AM: 0b3419a0-f6f4-4a3f-84d3-39cabdc3e106 - AcquireTokenHandlerBase: === Token Acquisition started:
	Authority: https://login.microsoftonline.com/f8cdef31-a31e-4b4a-93e4-5f571e91255a/
	Resource: 499b84ac-1321-427f-aa17-267ca6975798
	ClientId: 872cd9fa-d31f-45e0-9eab-6e460a02d1f1
	CacheType: Microsoft.VisualStudio.Services.Client.AccountManagement.AccountManagerAdalCache (2 items)
	Authentication Target: User
	
    devenv.exe Information: 0 : 12/10/2016 4:03:19 AM: e17942a3-5186-47a9-95c8-74c5cee2e191 - TokenCache: Looking up cache for a token...
    devenv.exe Information: 0 : 12/10/2016 4:03:19 AM: e17942a3-5186-47a9-95c8-74c5cee2e191 - TokenCache: An item matching the requested resource was found in the cache
    devenv.exe Information: 0 : 12/10/2016 4:03:19 AM: e17942a3-5186-47a9-95c8-74c5cee2e191 - TokenCache: An expired or near expiry token was found in the cache
    devenv.exe Information: 0 : 12/10/2016 4:03:19 AM: e17942a3-5186-47a9-95c8-74c5cee2e191 - TokenCache: A matching item (access token or refresh token or both) was found in the cache
    devenv.exe Information: 0 : 12/10/2016 4:03:19 AM: e17942a3-5186-47a9-95c8-74c5cee2e191 - <RefreshAccessTokenAsync>d__11: Refreshing access token...
    devenv.exe Information: 0 : 12/10/2016 4:03:19 AM: 0b3419a0-f6f4-4a3f-84d3-39cabdc3e106 - TokenCache: Looking up cache for a token...
    devenv.exe Information: 0 : 12/10/2016 4:03:19 AM: 0b3419a0-f6f4-4a3f-84d3-39cabdc3e106 - TokenCache: An item matching the requested resource was found in the cache
    devenv.exe Information: 0 : 12/10/2016 4:03:19 AM: 0b3419a0-f6f4-4a3f-84d3-39cabdc3e106 - TokenCache: An expired or near expiry token was found in the cache
    devenv.exe Information: 0 : 12/10/2016 4:03:19 AM: 0b3419a0-f6f4-4a3f-84d3-39cabdc3e106 - TokenCache: A matching item (access token or refresh token or both) was found in the cache
    devenv.exe Information: 0 : 12/10/2016 4:03:19 AM: 0b3419a0-f6f4-4a3f-84d3-39cabdc3e106 - <RefreshAccessTokenAsync>d__11: Refreshing access token...
    devenv.exe Information: 0 : 12/10/2016 4:03:19 AM: e17942a3-5186-47a9-95c8-74c5cee2e191 - AcquireTokenSilentHandler: No token matching arguments found in the cache
    devenv.exe Error: 0 : 12/10/2016 4:03:19 AM: e17942a3-5186-47a9-95c8-74c5cee2e191 - <RunAsync>d__0: Microsoft.IdentityModel.Clients.ActiveDirectory.AdalSilentTokenAcquisitionException: Failed to acquire token silently. Call method AcquireToken
   at Microsoft.IdentityModel.Clients.ActiveDirectory.AcquireTokenSilentHandler.SendTokenRequestAsync()
   at Microsoft.IdentityModel.Clients.ActiveDirectory.AcquireTokenHandlerBase.<RunAsync>d__0.MoveNext()
	ErrorCode: failed_to_acquire_token_silently
    devenv.exe Information: 0 : 12/10/2016 4:03:19 AM: 0b3419a0-f6f4-4a3f-84d3-39cabdc3e106 - AcquireTokenSilentHandler: No token matching arguments found in the cache
    devenv.exe Error: 0 : 12/10/2016 4:03:19 AM: 0b3419a0-f6f4-4a3f-84d3-39cabdc3e106 - <RunAsync>d__0: Microsoft.IdentityModel.Clients.ActiveDirectory.AdalSilentTokenAcquisitionException: Failed to acquire token silently. Call method AcquireToken
   at Microsoft.IdentityModel.Clients.ActiveDirectory.AcquireTokenSilentHandler.SendTokenRequestAsync()
   at Microsoft.IdentityModel.Clients.ActiveDirectory.AcquireTokenHandlerBase.<RunAsync>d__0.MoveNext()
	ErrorCode: failed_to_acquire_token_silently
    devenv.exe Information: 0 : 12/10/2016 4:03:20 AM: c3c6155a-dabc-4ff4-9480-de47a74efc07 - AcquireTokenHandlerBase: === Token Acquisition started:
	Authority: https://login.microsoftonline.com/f8cdef31-a31e-4b4a-93e4-5f571e91255a/
	Resource: 499b84ac-1321-427f-aa17-267ca6975798
	ClientId: 872cd9fa-d31f-45e0-9eab-6e460a02d1f1
	CacheType: Microsoft.VisualStudio.Services.Client.AccountManagement.AccountManagerAdalCache (2 items)
	Authentication Target: User
	
    devenv.exe Information: 0 : 12/10/2016 4:03:20 AM: c3c6155a-dabc-4ff4-9480-de47a74efc07 - TokenCache: Looking up cache for a token...
    devenv.exe Information: 0 : 12/10/2016 4:03:20 AM: c3c6155a-dabc-4ff4-9480-de47a74efc07 - TokenCache: An item matching the requested resource was found in the cache
    devenv.exe Information: 0 : 12/10/2016 4:03:20 AM: c3c6155a-dabc-4ff4-9480-de47a74efc07 - TokenCache: An expired or near expiry token was found in the cache
    devenv.exe Information: 0 : 12/10/2016 4:03:20 AM: c3c6155a-dabc-4ff4-9480-de47a74efc07 - TokenCache: A matching item (access token or refresh token or both) was found in the cache
    devenv.exe Information: 0 : 12/10/2016 4:03:20 AM: c3c6155a-dabc-4ff4-9480-de47a74efc07 - <RefreshAccessTokenAsync>d__11: Refreshing access token...
    devenv.exe Information: 0 : 12/10/2016 4:03:20 AM: 6f396f83-50d1-4428-8ff3-faee9baf3490 - AcquireTokenHandlerBase: === Token Acquisition started:
	Authority: https://login.microsoftonline.com/f8cdef31-a31e-4b4a-93e4-5f571e91255a/
	Resource: 499b84ac-1321-427f-aa17-267ca6975798
	ClientId: 872cd9fa-d31f-45e0-9eab-6e460a02d1f1
	CacheType: Microsoft.VisualStudio.Services.Client.AccountManagement.AccountManagerAdalCache (2 items)
	Authentication Target: User
	
    devenv.exe Information: 0 : 12/10/2016 4:03:20 AM: 6f396f83-50d1-4428-8ff3-faee9baf3490 - TokenCache: Looking up cache for a token...
    devenv.exe Information: 0 : 12/10/2016 4:03:20 AM: 6f396f83-50d1-4428-8ff3-faee9baf3490 - TokenCache: An item matching the requested resource was found in the cache
    devenv.exe Information: 0 : 12/10/2016 4:03:20 AM: 6f396f83-50d1-4428-8ff3-faee9baf3490 - TokenCache: An expired or near expiry token was found in the cache
    devenv.exe Information: 0 : 12/10/2016 4:03:20 AM: 6f396f83-50d1-4428-8ff3-faee9baf3490 - TokenCache: A matching item (access token or refresh token or both) was found in the cache
    devenv.exe Information: 0 : 12/10/2016 4:03:20 AM: 6f396f83-50d1-4428-8ff3-faee9baf3490 - <RefreshAccessTokenAsync>d__11: Refreshing access token...
    devenv.exe Information: 0 : 12/10/2016 4:03:21 AM: c3c6155a-dabc-4ff4-9480-de47a74efc07 - AcquireTokenSilentHandler: No token matching arguments found in the cache
    devenv.exe Error: 0 : 12/10/2016 4:03:21 AM: c3c6155a-dabc-4ff4-9480-de47a74efc07 - <RunAsync>d__0: Microsoft.IdentityModel.Clients.ActiveDirectory.AdalSilentTokenAcquisitionException: Failed to acquire token silently. Call method AcquireToken
   at Microsoft.IdentityModel.Clients.ActiveDirectory.AcquireTokenSilentHandler.SendTokenRequestAsync()
   at Microsoft.IdentityModel.Clients.ActiveDirectory.AcquireTokenHandlerBase.<RunAsync>d__0.MoveNext()
	ErrorCode: failed_to_acquire_token_silently
    devenv.exe Information: 0 : 12/10/2016 4:03:21 AM: 6f396f83-50d1-4428-8ff3-faee9baf3490 - AcquireTokenSilentHandler: No token matching arguments found in the cache
    devenv.exe Error: 0 : 12/10/2016 4:03:21 AM: 6f396f83-50d1-4428-8ff3-faee9baf3490 - <RunAsync>d__0: Microsoft.IdentityModel.Clients.ActiveDirectory.AdalSilentTokenAcquisitionException: Failed to acquire token silently. Call method AcquireToken
   at Microsoft.IdentityModel.Clients.ActiveDirectory.AcquireTokenSilentHandler.SendTokenRequestAsync()
   at Microsoft.IdentityModel.Clients.ActiveDirectory.AcquireTokenHandlerBase.<RunAsync>d__0.MoveNext()
	ErrorCode: failed_to_acquire_token_silently
    Web method running: [https://app.vssps.visualstudio.com/_apis/Token/SessionTokens?isPublic=False] (POST)SessionTokens[Token]
    devenv.exe Information: 0 : 12/10/2016 4:03:22 AM: 2f90136c-4f4c-4bfa-a033-1333864e9621 - AcquireTokenHandlerBase: === Token Acquisition started:
	Authority: https://login.microsoftonline.com/f8cdef31-a31e-4b4a-93e4-5f571e91255a/
	Resource: 499b84ac-1321-427f-aa17-267ca6975798
	ClientId: 872cd9fa-d31f-45e0-9eab-6e460a02d1f1
	CacheType: Microsoft.VisualStudio.Services.Client.AccountManagement.AccountManagerAdalCache (2 items)
	Authentication Target: User
	
    devenv.exe Information: 0 : 12/10/2016 4:03:22 AM: 2f90136c-4f4c-4bfa-a033-1333864e9621 - TokenCache: Looking up cache for a token...
    devenv.exe Information: 0 : 12/10/2016 4:03:22 AM: 2f90136c-4f4c-4bfa-a033-1333864e9621 - TokenCache: An item matching the requested resource was found in the cache
    devenv.exe Information: 0 : 12/10/2016 4:03:22 AM: 2f90136c-4f4c-4bfa-a033-1333864e9621 - TokenCache: An expired or near expiry token was found in the cache
    devenv.exe Information: 0 : 12/10/2016 4:03:22 AM: 2f90136c-4f4c-4bfa-a033-1333864e9621 - TokenCache: A matching item (access token or refresh token or both) was found in the cache
    devenv.exe Information: 0 : 12/10/2016 4:03:22 AM: 2f90136c-4f4c-4bfa-a033-1333864e9621 - <RefreshAccessTokenAsync>d__11: Refreshing access token...
    devenv.exe Information: 0 : 12/10/2016 4:03:22 AM: 2f90136c-4f4c-4bfa-a033-1333864e9621 - AcquireTokenSilentHandler: No token matching arguments found in the cache
    devenv.exe Error: 0 : 12/10/2016 4:03:22 AM: 2f90136c-4f4c-4bfa-a033-1333864e9621 - <RunAsync>d__0: Microsoft.IdentityModel.Clients.ActiveDirectory.AdalSilentTokenAcquisitionException: Failed to acquire token silently. Call method AcquireToken
   at Microsoft.IdentityModel.Clients.ActiveDirectory.AcquireTokenSilentHandler.SendTokenRequestAsync()
   at Microsoft.IdentityModel.Clients.ActiveDirectory.AcquireTokenHandlerBase.<RunAsync>d__0.MoveNext()
	ErrorCode: failed_to_acquire_token_silently
    Web method running: [https://app.vssps.visualstudio.com/_apis/Token/SessionTokens?isPublic=False] (POST)SessionTokens[Token]
    Web method running: [https://app.vssps.visualstudio.com/_apis/connectionData?connectOptions=None&lastChangeId=147&lastChangeId64=147] (GET)connectionData[connectionData]
    Web method running: [https://app.vssps.visualstudio.com/_apis/Licensing/ClientRights/VisualStudio?productVersion=14.0.25420.1%20D14REL&edition=Community&relType=release&includeCertificate=true&canary=15876318-28f9-49fe-8a8b-b9512908490b&machineId=15876318-28f9-49fe-8a8b-b9512908490b&t-PidInfo=2000&t-UserMachineId=15876318-28f9-49fe-8a8b-b9512908490b&t-GlobalMachineId=b01beefa-9c20-49c2-bb97-6863f0daac04&t-VsInstanceId=5a6dfa7f-d573-4b88-9440-128e02e4f38c] (GET)VisualStudio[Licensing]
    Web method response: [https://app.vssps.visualstudio.com/_apis/connectionData?connectOptions=None&lastChangeId=147&lastChangeId64=147] (GET)connectionData[connectionData] 1012 ms
    Web method running: [https://app.vsspsext.visualstudio.com/_apis/connectionData?connectOptions=None&lastChangeId=12017&lastChangeId64=12017] (GET)connectionData[connectionData]
    Web method response: [https://app.vssps.visualstudio.com/_apis/Licensing/ClientRights/VisualStudio?productVersion=14.0.25420.1%20D14REL&edition=Community&relType=release&includeCertificate=true&canary=15876318-28f9-49fe-8a8b-b9512908490b&machineId=15876318-28f9-49fe-8a8b-b9512908490b&t-PidInfo=2000&t-UserMachineId=15876318-28f9-49fe-8a8b-b9512908490b&t-GlobalMachineId=b01beefa-9c20-49c2-bb97-6863f0daac04&t-VsInstanceId=5a6dfa7f-d573-4b88-9440-128e02e4f38c] (GET)VisualStudio[Licensing] 1046 ms
    Web method response: [https://app.vsspsext.visualstudio.com/_apis/connectionData?connectOptions=None&lastChangeId=12017&lastChangeId64=12017] (GET)connectionData[connectionData] 1003 ms
    Web method running: [https://app.vsspsext.visualstudio.com/_apis/Profile/Profiles/me?details=true&withattributes=false&coreattributes=Minimal%2CEmail%2CAvatar%2CDisplayName%2CAll] (GET)me[Profile]
    Web method response: [https://app.vsspsext.visualstudio.com/_apis/Profile/Profiles/me?details=true&withattributes=false&coreattributes=Minimal%2CEmail%2CAvatar%2CDisplayName%2CAll] (GET)me[Profile] 999 ms
    Web method running: [https://app.vsspsext.visualstudio.com/_apis/Profile/Locations?profilePageType=Update] (GET)Locations[Profile]
    Web method response: [https://app.vsspsext.visualstudio.com/_apis/Profile/Locations?profilePageType=Update] (GET)Locations[Profile] 238 ms
    Web method running: [https://app.vsspsext.visualstudio.com/_apis/Profile/Settings/ProfileRefreshInterval] (GET)ProfileRefreshInterval[Profile]
    Web method response: [https://app.vsspsext.visualstudio.com/_apis/Profile/Settings/ProfileRefreshInterval] (GET)ProfileRefreshInterval[Profile] 237 ms
    Web method running: [https://app.vsspsext.visualstudio.com/_apis/Profile/Profiles/me/Attributes?partition=VisualStudio.14_PreferredProfile&modifiedafterrevision=509294] (GET)Attributes[Profile]
    Web method running: [https://app.vsspsext.visualstudio.com/_apis/Profile/Profiles/me/Avatar?size=Small] (GET)Avatar[Profile]
    Web method running: [https://app.vsspsext.visualstudio.com/_apis/Profile/Profiles/me/Avatar?size=Large] (GET)Avatar[Profile]
    Web method response: [https://app.vsspsext.visualstudio.com/_apis/Profile/Profiles/me/Attributes?partition=VisualStudio.14_PreferredProfile&modifiedafterrevision=509294] (GET)Attributes[Profile] 291 ms
    Web method response: [https://app.vsspsext.visualstudio.com/_apis/Profile/Profiles/me/Avatar?size=Small] (GET)Avatar[Profile] 972 ms
    Web method response: [https://app.vsspsext.visualstudio.com/_apis/Profile/Profiles/me/Avatar?size=Large] (GET)Avatar[Profile] 1212 ms
